000000.000| ALWAYS| Logging started at 2018-04-16T23:06:23.203
000000.000| ALWAYS| Application Version:8.7.223.9193 - CL:2239193 - Build Date: Mar 29 2018 - Build Time:18:32:24
000000.000| ALWAYS| Log file C:/Riot Games/League of Legends/Logs/LeagueClient Logs/2018-04-16T23-06-23_5028_LeagueClientUxHelper-gpu-process.log
000000.000| ALWAYS| Running LeagueClientUxHelper version 8.7.223.9193
000000.000|   OKAY| Initial working directory: "C:\Riot Games\League of Legends\RADS\projects\league_client\releases\0.0.0.139\deploy"
000000.000|   OKAY| Current process: "C:\Riot Games\League of Legends\RADS\projects\league_client\releases\0.0.0.139\deploy\LeagueClientUxRender.exe"
000000.000|   OKAY| Command line arguments:
	--type=gpu-process
	--channel=7224.0.733186378\1992305774
	--no-sandbox
	--lang=en-US
	--log-file=C:\Riot Games\League of Legends\RADS\projects\league_client\releases\0.0.0.139\deploy\debug.log
	--supports-dual-gpus=false
	--gpu-driver-bug-workarounds=3,11,25,54,64
	--gpu-vendor-id=0x10de
	--gpu-device-id=0x13c2
	--gpu-driver-vendor=NVIDIA
	--gpu-driver-version=23.21.13.9101
	--lang=en-US
	--log-file=C:\Riot Games\League of Legends\RADS\projects\league_client\releases\0.0.0.139\deploy\debug.log
	/prefetch:2
	--app-name=LeagueClient
	--ux-name=LeagueClientUx
	--ux-helper-name=LeagueClientUxHelper
	--log-dir=LeagueClient Logs
	--bugsplat-name=league_client_riotgames_com
	--app-port=53888
	--bugsplat-platform-id=NA1
	--app-log-file-path=C:/Riot Games/League of Legends/Logs/LeagueClient Logs/2018-04-16T22-52-13_7660_LeagueClient.log
	--primary-ux-log-file-path=C:/Riot Games/League of Legends/Logs/LeagueClient Logs/2018-04-16T23-06-23_7224_LeagueClientUx.log
000000.000|   OKAY| Memory Monitor enabled:
000000.000|   OKAY| - update interval 5s
000000.000|   OKAY| - memory delta threshold 10MiB
000000.000|   OKAY| - page fault delta threshold 100K
000000.000|   OKAY| - region count delta threshold 10
000000.009|   OKAY| Working Set Size: 8MiB Peak: 8MiB   Pagefile Usage: 8MiB Peak: 8MiB   Private Usage: 8MiB
000000.009|   OKAY| Paged Pool Usage: 0MiB Peak: 0MiB   Non-Paged Pool Usage: 0MiB Peak: 0MiB
000000.009|   OKAY| Committed Total: 132MiB   Committed Image: 112MiB   Committed Mapped: 13MiB   Committed Private: 5MiB   Reserved Total: 32MiB   Reserved Image: 0MiB   Reserved Mapped: 21MiB   Reserved Private: 10MiB   Free Total: 3931MiB   Limit: 4095MiB   Largest Free: 2038MiB   Region Count: 472
000000.009|   OKAY| Page Fault Count: 2K
000005.010|   OKAY| Working Set Size: 25MiB (+17) Peak: 25MiB (+17)   Pagefile Usage: 22MiB (+14) Peak: 22MiB (+14)   Private Usage: 22MiB (+14)
000017.049|   OKAY| Working Set Size: 30MiB Peak: 31MiB   Pagefile Usage: 23MiB Peak: 25MiB   Private Usage: 23MiB
000017.049|   OKAY| Paged Pool Usage: 0MiB Peak: 0MiB   Non-Paged Pool Usage: 0MiB Peak: 0MiB
000017.049|   OKAY| Committed Total: 187MiB   Committed Image: 156MiB   Committed Mapped: 18MiB   Committed Private: 12MiB   Reserved Total: 104MiB   Reserved Image: 0MiB   Reserved Mapped: 21MiB   Reserved Private: 81MiB   Free Total: 3803MiB   Limit: 4095MiB   Largest Free: 2038MiB   Region Count: 768
000017.049|   OKAY| Page Fault Count: 10K
